This is pdfTeX, Version 3.14159265-2.6-1.40.20 (TeX Live 2019/Debian) (preloaded format=pdflatex 2020.5.4)  3 AUG 2020 11:57
entering extended mode
 restricted \write18 enabled.
 %&-line parsing enabled.
**main.tex
(./main.tex
LaTeX2e <2020-02-02> patch level 2
L3 programming layer <2020-02-14> (./llncs.cls
Document Class: llncs 2018/03/10 v2.20 
 LaTeX document class for Lecture Notes in Computer Science
(/usr/share/texlive/texmf-dist/tex/latex/base/article.cls
Document Class: article 2019/12/20 v1.4l Standard LaTeX document class
(/usr/share/texlive/texmf-dist/tex/latex/base/size10.clo
File: size10.clo 2019/12/20 v1.4l Standard LaTeX file (size option)
)
\c@part=\count167
\c@section=\count168
\c@subsection=\count169
\c@subsubsection=\count170
\c@paragraph=\count171
\c@subparagraph=\count172
\c@figure=\count173
\c@table=\count174
\abovecaptionskip=\skip47
\belowcaptionskip=\skip48
\bibindent=\dimen134
)
(/usr/share/texlive/texmf-dist/tex/latex/tools/multicol.sty
Package: multicol 2019/12/09 v1.8y multicolumn formatting (FMi)
\c@tracingmulticols=\count175
\mult@box=\box45
\multicol@leftmargin=\dimen135
\c@unbalance=\count176
\c@collectmore=\count177
\doublecol@number=\count178
\multicoltolerance=\count179
\multicolpretolerance=\count180
\full@width=\dimen136
\page@free=\dimen137
\premulticols=\dimen138
\postmulticols=\dimen139
\multicolsep=\skip49
\multicolbaselineskip=\skip50
\partial@page=\box46
\last@line=\box47
\maxbalancingoverflow=\dimen140
\mult@rightbox=\box48
\mult@grightbox=\box49
\mult@gfirstbox=\box50
\mult@firstbox=\box51
\@tempa=\box52
\@tempa=\box53
\@tempa=\box54
\@tempa=\box55
\@tempa=\box56
\@tempa=\box57
\@tempa=\box58
\@tempa=\box59
\@tempa=\box60
\@tempa=\box61
\@tempa=\box62
\@tempa=\box63
\@tempa=\box64
\@tempa=\box65
\@tempa=\box66
\@tempa=\box67
\@tempa=\box68
\@tempa=\box69
\@tempa=\box70
\@tempa=\box71
\@tempa=\box72
\@tempa=\box73
\@tempa=\box74
\@tempa=\box75
\@tempa=\box76
\@tempa=\box77
\@tempa=\box78
\@tempa=\box79
\@tempa=\box80
\@tempa=\box81
\@tempa=\box82
\@tempa=\box83
\@tempa=\box84
\@tempa=\box85
\@tempa=\box86
\@tempa=\box87
\@tempa=\box88
\c@minrows=\count181
\c@columnbadness=\count182
\c@finalcolumnbadness=\count183
\last@try=\dimen141
\multicolovershoot=\dimen142
\multicolundershoot=\dimen143
\mult@nat@firstbox=\box89
\colbreak@box=\box90
\mc@col@check@num=\count184
)
(/usr/share/texlive/texmf-dist/tex/latex/oberdiek/aliascnt.sty
Package: aliascnt 2018/09/07 v1.5 Alias counters (HO)
)
\c@chapter=\count185
LaTeX Font Info:    Redeclaring math symbol \Gamma on input line 362.
LaTeX Font Info:    Redeclaring math symbol \Delta on input line 363.
LaTeX Font Info:    Redeclaring math symbol \Theta on input line 364.
LaTeX Font Info:    Redeclaring math symbol \Lambda on input line 365.
LaTeX Font Info:    Redeclaring math symbol \Xi on input line 366.
LaTeX Font Info:    Redeclaring math symbol \Pi on input line 367.
LaTeX Font Info:    Redeclaring math symbol \Sigma on input line 368.
LaTeX Font Info:    Redeclaring math symbol \Upsilon on input line 369.
LaTeX Font Info:    Redeclaring math symbol \Phi on input line 370.
LaTeX Font Info:    Redeclaring math symbol \Psi on input line 371.
LaTeX Font Info:    Redeclaring math symbol \Omega on input line 372.
\tocchpnum=\dimen144
\tocsecnum=\dimen145
\tocsectotal=\dimen146
\tocsubsecnum=\dimen147
\tocsubsectotal=\dimen148
\tocsubsubsecnum=\dimen149
\tocsubsubsectotal=\dimen150
\tocparanum=\dimen151
\tocparatotal=\dimen152
\tocsubparanum=\dimen153
\@tempcntc=\count186
\fnindent=\dimen154
\c@@inst=\count187
\c@@auth=\count188
\c@auco=\count189
\instindent=\dimen155
\authrun=\box91
\authorrunning=\toks14
\tocauthor=\toks15
\titrun=\box92
\titlerunning=\toks16
\toctitle=\toks17
\c@theorem=\count190
\c@case=\count191
\c@conjecture=\count192
\c@corollary=\count193
\c@definition=\count194
\c@example=\count195
\c@exercise=\count196
\c@lemma=\count197
\c@note=\count198
\c@problem=\count199
\c@property=\count266
\c@proposition=\count267
\c@question=\count268
\c@solution=\count269
\c@remark=\count270
\headlineindent=\dimen156
)
(/usr/share/texlive/texmf-dist/tex/latex/base/inputenc.sty
Package: inputenc 2018/08/11 v1.3c Input encoding file
\inpenc@prehook=\toks18
\inpenc@posthook=\toks19
)
(/usr/share/texlive/texmf-dist/tex/latex/caption/caption.sty
Package: caption 2020/01/03 v3.4h Customizing captions (AR)

(/usr/share/texlive/texmf-dist/tex/latex/caption/caption3.sty
Package: caption3 2020/01/03 v1.8h caption3 kernel (AR)
Package caption3 Info: TeX engine: e-TeX on input line 61.

(/usr/share/texlive/texmf-dist/tex/latex/graphics/keyval.sty
Package: keyval 2014/10/28 v1.15 key=value parser (DPC)
\KV@toks@=\toks20
)
\captionmargin=\dimen157
\captionmargin@=\dimen158
\captionwidth=\dimen159
\caption@tempdima=\dimen160
\caption@indent=\dimen161
\caption@parindent=\dimen162
\caption@hangindent=\dimen163
Package caption Info: Unknown document class (or package),
(caption)             standard defaults will be used.
Package caption Info: \@makecaption = \long macro:#1#2->\small \vskip \abovecap
tionskip \sbox \@tempboxa {{\bfseries #1.} #2}\ifdim \wd \@tempboxa >\hsize {\b
fseries #1.} #2\par \else \global \@minipagefalse \hb@xt@ \hsize {\hfil \box \@
tempboxa \hfil }\fi \vskip \belowcaptionskip  on input line 1082.
)

Package caption Warning: Unknown document class (or package),
(caption)                standard defaults will be used.
See the caption package documentation for explanation.

\c@caption@flags=\count271
\c@continuedfloat=\count272
) (/usr/share/texlive/texmf-dist/tex/latex/float/float.sty
Package: float 2001/11/08 v1.3d Float enhancements (AL)
\c@float@type=\count273
\float@exts=\toks21
\float@box=\box93
\@float@everytoks=\toks22
\@floatcapt=\box94
)
(/usr/share/texlive/texmf-dist/tex/latex/algorithms/algorithm.sty
Package: algorithm 2009/08/24 v0.1 Document Style `algorithm' - floating enviro
nment

(/usr/share/texlive/texmf-dist/tex/latex/base/ifthen.sty
Package: ifthen 2014/09/29 v1.1c Standard LaTeX ifthen package (DPC)
)
\@float@every@algorithm=\toks23
\c@algorithm=\count274
)
(/usr/share/texlive/texmf-dist/tex/latex/algorithmicx/algpseudocode.sty
Package: algpseudocode 

(/usr/share/texlive/texmf-dist/tex/latex/algorithmicx/algorithmicx.sty
Package: algorithmicx 2005/04/27 v1.2 Algorithmicx

Document Style algorithmicx 1.2 - a greatly improved `algorithmic' style
\c@ALG@line=\count275
\c@ALG@rem=\count276
\c@ALG@nested=\count277
\ALG@tlm=\skip51
\ALG@thistlm=\skip52
\c@ALG@Lnr=\count278
\c@ALG@blocknr=\count279
\c@ALG@storecount=\count280
\c@ALG@tmpcounter=\count281
\ALG@tmplength=\skip53
)
Document Style - pseudocode environments for use with the `algorithmicx' style
) (/usr/share/texlive/texmf-dist/tex/latex/amsfonts/amssymb.sty
Package: amssymb 2013/01/14 v3.01 AMS font symbols

(/usr/share/texlive/texmf-dist/tex/latex/amsfonts/amsfonts.sty
Package: amsfonts 2013/01/14 v3.01 Basic AMSFonts support
\@emptytoks=\toks24
\symAMSa=\mathgroup4
\symAMSb=\mathgroup5
LaTeX Font Info:    Redeclaring math symbol \hbar on input line 98.
LaTeX Font Info:    Overwriting math alphabet `\mathfrak' in version `bold'
(Font)                  U/euf/m/n --> U/euf/b/n on input line 106.
))
(/usr/share/texlive/texmf-dist/tex/latex/mathtools/mathtools.sty
Package: mathtools 2020/01/17 v1.23 mathematical typesetting tools

(/usr/share/texlive/texmf-dist/tex/latex/tools/calc.sty
Package: calc 2017/05/25 v4.3 Infix arithmetic (KKT,FJ)
\calc@Acount=\count282
\calc@Bcount=\count283
\calc@Adimen=\dimen164
\calc@Bdimen=\dimen165
\calc@Askip=\skip54
\calc@Bskip=\skip55
LaTeX Info: Redefining \setlength on input line 80.
LaTeX Info: Redefining \addtolength on input line 81.
\calc@Ccount=\count284
\calc@Cskip=\skip56
)
(/usr/share/texlive/texmf-dist/tex/latex/mathtools/mhsetup.sty
Package: mhsetup 2017/03/31 v1.3 programming setup (MH)
)
(/usr/share/texlive/texmf-dist/tex/latex/amsmath/amsmath.sty
Package: amsmath 2020/01/20 v2.17e AMS math features
\@mathmargin=\skip57

For additional information on amsmath, use the `?' option.
(/usr/share/texlive/texmf-dist/tex/latex/amsmath/amstext.sty
Package: amstext 2000/06/29 v2.01 AMS text

(/usr/share/texlive/texmf-dist/tex/latex/amsmath/amsgen.sty
File: amsgen.sty 1999/11/30 v2.0 generic functions
\@emptytoks=\toks25
\ex@=\dimen166
))
(/usr/share/texlive/texmf-dist/tex/latex/amsmath/amsbsy.sty
Package: amsbsy 1999/11/29 v1.2d Bold Symbols
\pmbraise@=\dimen167
)
(/usr/share/texlive/texmf-dist/tex/latex/amsmath/amsopn.sty
Package: amsopn 2016/03/08 v2.02 operator names
)
\inf@bad=\count285
LaTeX Info: Redefining \frac on input line 227.
\uproot@=\count286
\leftroot@=\count287
LaTeX Info: Redefining \overline on input line 389.
\classnum@=\count288
\DOTSCASE@=\count289
LaTeX Info: Redefining \ldots on input line 486.
LaTeX Info: Redefining \dots on input line 489.
LaTeX Info: Redefining \cdots on input line 610.
\Mathstrutbox@=\box95
\strutbox@=\box96
\big@size=\dimen168
LaTeX Font Info:    Redeclaring font encoding OML on input line 733.
LaTeX Font Info:    Redeclaring font encoding OMS on input line 734.
\macc@depth=\count290
\c@MaxMatrixCols=\count291
\dotsspace@=\muskip16
\c@parentequation=\count292
\dspbrk@lvl=\count293
\tag@help=\toks26
\row@=\count294
\column@=\count295
\maxfields@=\count296
\andhelp@=\toks27
\eqnshift@=\dimen169
\alignsep@=\dimen170
\tagshift@=\dimen171
\tagwidth@=\dimen172
\totwidth@=\dimen173
\lineht@=\dimen174
\@envbody=\toks28
\multlinegap=\skip58
\multlinetaggap=\skip59
\mathdisplay@stack=\toks29
LaTeX Info: Redefining \[ on input line 2859.
LaTeX Info: Redefining \] on input line 2860.
)
LaTeX Info: Thecontrolsequence`\('isalreadyrobust on input line 129.
LaTeX Info: Thecontrolsequence`\)'isalreadyrobust on input line 129.
LaTeX Info: Thecontrolsequence`\['isalreadyrobust on input line 129.
LaTeX Info: Thecontrolsequence`\]'isalreadyrobust on input line 129.
\g_MT_multlinerow_int=\count297
\l_MT_multwidth_dim=\dimen175
\origjot=\skip60
\l_MT_shortvdotswithinadjustabove_dim=\dimen176
\l_MT_shortvdotswithinadjustbelow_dim=\dimen177
\l_MT_above_intertext_sep=\dimen178
\l_MT_below_intertext_sep=\dimen179
\l_MT_above_shortintertext_sep=\dimen180
\l_MT_below_shortintertext_sep=\dimen181
)
(/usr/share/texlive/texmf-dist/tex/latex/paralist/paralist.sty
Package: paralist 2017/01/22 v2.7 Extended list environments
\pltopsep=\skip61
\plpartopsep=\skip62
\plitemsep=\skip63
\plparsep=\skip64
\pl@lab=\toks30
)
(/usr/share/texlive/texmf-dist/tex/latex/url/url.sty
\Urlmuskip=\muskip17
Package: url 2013/09/16  ver 3.4  Verb mode for urls, etc.
)
(/usr/share/texlive/texmf-dist/tex/latex/multirow/multirow.sty
Package: multirow 2019/05/31 v2.5 Span multiple rows of a table
\multirow@colwidth=\skip65
\multirow@cntb=\count298
\multirow@dima=\skip66
\bigstrutjot=\dimen182
)
(/usr/share/texlive/texmf-dist/tex/latex/makecell/makecell.sty
Package: makecell 2009/08/03 V0.1e Managing of Tab Column Heads and Cells

(/usr/share/texlive/texmf-dist/tex/latex/tools/array.sty
Package: array 2019/08/31 v2.4l Tabular extension package (FMi)
\col@sep=\dimen183
\ar@mcellbox=\box97
\extrarowheight=\dimen184
\NC@list=\toks31
\extratabsurround=\skip67
\backup@length=\skip68
\ar@cellbox=\box98
)
\rotheadsize=\dimen185
\c@nlinenum=\count299
\TeXr@lab=\toks32
)
(/usr/share/texlive/texmf-dist/tex/latex/xcolor/xcolor.sty
Package: xcolor 2016/05/11 v2.12 LaTeX color extensions (UK)

(/usr/share/texlive/texmf-dist/tex/latex/graphics-cfg/color.cfg
File: color.cfg 2016/01/02 v1.6 sample color configuration
)
Package xcolor Info: Driver file: pdftex.def on input line 225.

(/usr/share/texlive/texmf-dist/tex/latex/graphics-def/pdftex.def
File: pdftex.def 2018/01/08 v1.0l Graphics/color driver for pdftex
)
Package xcolor Info: Model `cmy' substituted by `cmy0' on input line 1348.
Package xcolor Info: Model `hsb' substituted by `rgb' on input line 1352.
Package xcolor Info: Model `RGB' extended on input line 1364.
Package xcolor Info: Model `HTML' substituted by `rgb' on input line 1366.
Package xcolor Info: Model `Hsb' substituted by `hsb' on input line 1367.
Package xcolor Info: Model `tHsb' substituted by `hsb' on input line 1368.
Package xcolor Info: Model `HSB' substituted by `hsb' on input line 1369.
Package xcolor Info: Model `Gray' substituted by `gray' on input line 1370.
Package xcolor Info: Model `wave' substituted by `hsb' on input line 1371.
)
(/usr/share/texlive/texmf-dist/tex/latex/tools/verbatim.sty
Package: verbatim 2019/11/10 v1.5r LaTeX2e package for verbatim enhancements
\every@verbatim=\toks33
\verbatim@line=\toks34
\verbatim@in@stream=\read2
)
(/usr/share/texlive/texmf-dist/tex/latex/tools/xspace.sty
Package: xspace 2014/10/28 v1.13 Space after command names (DPC,MH)
)
(/usr/share/texlive/texmf-dist/tex/latex/caption/subcaption.sty
Package: subcaption 2020/01/22 v1.3d Sub-captions (AR)
\c@subfigure=\count300
\c@subtable=\count301
)
(/usr/share/texlive/texmf-dist/tex/latex/psnfss/pifont.sty
Package: pifont 2005/04/12 PSNFSS-v9.2a Pi font support (SPQR) 
LaTeX Font Info:    Trying to load font information for U+pzd on input line 63.


(/usr/share/texlive/texmf-dist/tex/latex/psnfss/upzd.fd
File: upzd.fd 2001/06/04 font definitions for U/pzd.
)
LaTeX Font Info:    Trying to load font information for U+psy on input line 64.


(/usr/share/texlive/texmf-dist/tex/latex/psnfss/upsy.fd
File: upsy.fd 2001/06/04 font definitions for U/psy.
))
(/usr/share/texlive/texmf-dist/tex/latex/graphics/graphicx.sty
Package: graphicx 2019/11/30 v1.2a Enhanced LaTeX Graphics (DPC,SPQR)

(/usr/share/texlive/texmf-dist/tex/latex/graphics/graphics.sty
Package: graphics 2019/11/30 v1.4a Standard LaTeX Graphics (DPC,SPQR)

(/usr/share/texlive/texmf-dist/tex/latex/graphics/trig.sty
Package: trig 2016/01/03 v1.10 sin cos tan (DPC)
)
(/usr/share/texlive/texmf-dist/tex/latex/graphics-cfg/graphics.cfg
File: graphics.cfg 2016/06/04 v1.11 sample graphics configuration
)
Package graphics Info: Driver file: pdftex.def on input line 105.
)
\Gin@req@height=\dimen186
\Gin@req@width=\dimen187
)
(/usr/share/texlive/texmf-dist/tex/latex/todonotes/todonotes.sty
Package: todonotes 2019/01/24 v1.1.2 Todonotes source and documentation.
Package: todonotes 2018/11/22

(/usr/share/texlive/texmf-dist/tex/latex/xkeyval/xkeyval.sty
Package: xkeyval 2014/12/03 v2.7a package option processing (HA)

(/usr/share/texlive/texmf-dist/tex/generic/xkeyval/xkeyval.tex
(/usr/share/texlive/texmf-dist/tex/generic/xkeyval/xkvutils.tex
\XKV@toks=\toks35
\XKV@tempa@toks=\toks36
)
\XKV@depth=\count302
File: xkeyval.tex 2014/12/03 v2.7a key=value parser (HA)
))
(/usr/share/texlive/texmf-dist/tex/latex/pgf/frontendlayer/tikz.sty
(/usr/share/texlive/texmf-dist/tex/latex/pgf/basiclayer/pgf.sty
(/usr/share/texlive/texmf-dist/tex/latex/pgf/utilities/pgfrcs.sty
(/usr/share/texlive/texmf-dist/tex/generic/pgf/utilities/pgfutil-common.tex
\pgfutil@everybye=\toks37
\pgfutil@tempdima=\dimen188
\pgfutil@tempdimb=\dimen189

(/usr/share/texlive/texmf-dist/tex/generic/pgf/utilities/pgfutil-common-lists.t
ex)) (/usr/share/texlive/texmf-dist/tex/generic/pgf/utilities/pgfutil-latex.def
\pgfutil@abb=\box99
(/usr/share/texlive/texmf-dist/tex/latex/ms/everyshi.sty
Package: everyshi 2001/05/15 v3.00 EveryShipout Package (MS)
))
(/usr/share/texlive/texmf-dist/tex/generic/pgf/utilities/pgfrcs.code.tex
(/usr/share/texlive/texmf-dist/tex/generic/pgf/pgf.revision.tex)
Package: pgfrcs 2020/01/08 v3.1.5b (3.1.5b)
))
Package: pgf 2020/01/08 v3.1.5b (3.1.5b)

(/usr/share/texlive/texmf-dist/tex/latex/pgf/basiclayer/pgfcore.sty
(/usr/share/texlive/texmf-dist/tex/latex/pgf/systemlayer/pgfsys.sty
(/usr/share/texlive/texmf-dist/tex/generic/pgf/systemlayer/pgfsys.code.tex
Package: pgfsys 2020/01/08 v3.1.5b (3.1.5b)

(/usr/share/texlive/texmf-dist/tex/generic/pgf/utilities/pgfkeys.code.tex
\pgfkeys@pathtoks=\toks38
\pgfkeys@temptoks=\toks39

(/usr/share/texlive/texmf-dist/tex/generic/pgf/utilities/pgfkeysfiltered.code.t
ex
\pgfkeys@tmptoks=\toks40
))
\pgf@x=\dimen190
\pgf@y=\dimen191
\pgf@xa=\dimen192
\pgf@ya=\dimen193
\pgf@xb=\dimen194
\pgf@yb=\dimen195
\pgf@xc=\dimen196
\pgf@yc=\dimen197
\pgf@xd=\dimen198
\pgf@yd=\dimen199
\w@pgf@writea=\write3
\r@pgf@reada=\read3
\c@pgf@counta=\count303
\c@pgf@countb=\count304
\c@pgf@countc=\count305
\c@pgf@countd=\count306
\t@pgf@toka=\toks41
\t@pgf@tokb=\toks42
\t@pgf@tokc=\toks43
\pgf@sys@id@count=\count307
 (/usr/share/texlive/texmf-dist/tex/generic/pgf/systemlayer/pgf.cfg
File: pgf.cfg 2020/01/08 v3.1.5b (3.1.5b)
)
Driver file for pgf: pgfsys-pdftex.def

(/usr/share/texlive/texmf-dist/tex/generic/pgf/systemlayer/pgfsys-pdftex.def
File: pgfsys-pdftex.def 2020/01/08 v3.1.5b (3.1.5b)

(/usr/share/texlive/texmf-dist/tex/generic/pgf/systemlayer/pgfsys-common-pdf.de
f
File: pgfsys-common-pdf.def 2020/01/08 v3.1.5b (3.1.5b)
)))
(/usr/share/texlive/texmf-dist/tex/generic/pgf/systemlayer/pgfsyssoftpath.code.
tex
File: pgfsyssoftpath.code.tex 2020/01/08 v3.1.5b (3.1.5b)
\pgfsyssoftpath@smallbuffer@items=\count308
\pgfsyssoftpath@bigbuffer@items=\count309
)
(/usr/share/texlive/texmf-dist/tex/generic/pgf/systemlayer/pgfsysprotocol.code.
tex
File: pgfsysprotocol.code.tex 2020/01/08 v3.1.5b (3.1.5b)
))
(/usr/share/texlive/texmf-dist/tex/generic/pgf/basiclayer/pgfcore.code.tex
Package: pgfcore 2020/01/08 v3.1.5b (3.1.5b)

(/usr/share/texlive/texmf-dist/tex/generic/pgf/math/pgfmath.code.tex
(/usr/share/texlive/texmf-dist/tex/generic/pgf/math/pgfmathcalc.code.tex
(/usr/share/texlive/texmf-dist/tex/generic/pgf/math/pgfmathutil.code.tex)
(/usr/share/texlive/texmf-dist/tex/generic/pgf/math/pgfmathparser.code.tex
\pgfmath@dimen=\dimen256
\pgfmath@count=\count310
\pgfmath@box=\box100
\pgfmath@toks=\toks44
\pgfmath@stack@operand=\toks45
\pgfmath@stack@operation=\toks46
)
(/usr/share/texlive/texmf-dist/tex/generic/pgf/math/pgfmathfunctions.code.tex
(/usr/share/texlive/texmf-dist/tex/generic/pgf/math/pgfmathfunctions.basic.code
.tex)
(/usr/share/texlive/texmf-dist/tex/generic/pgf/math/pgfmathfunctions.trigonomet
ric.code.tex)
(/usr/share/texlive/texmf-dist/tex/generic/pgf/math/pgfmathfunctions.random.cod
e.tex)
(/usr/share/texlive/texmf-dist/tex/generic/pgf/math/pgfmathfunctions.comparison
.code.tex)
(/usr/share/texlive/texmf-dist/tex/generic/pgf/math/pgfmathfunctions.base.code.
tex)
(/usr/share/texlive/texmf-dist/tex/generic/pgf/math/pgfmathfunctions.round.code
.tex)
(/usr/share/texlive/texmf-dist/tex/generic/pgf/math/pgfmathfunctions.misc.code.
tex)
(/usr/share/texlive/texmf-dist/tex/generic/pgf/math/pgfmathfunctions.integerari
thmetics.code.tex)))
(/usr/share/texlive/texmf-dist/tex/generic/pgf/math/pgfmathfloat.code.tex
\c@pgfmathroundto@lastzeros=\count311
))
(/usr/share/texlive/texmf-dist/tex/generic/pgf/math/pgfint.code.tex)
(/usr/share/texlive/texmf-dist/tex/generic/pgf/basiclayer/pgfcorepoints.code.te
x
File: pgfcorepoints.code.tex 2020/01/08 v3.1.5b (3.1.5b)
\pgf@picminx=\dimen257
\pgf@picmaxx=\dimen258
\pgf@picminy=\dimen259
\pgf@picmaxy=\dimen260
\pgf@pathminx=\dimen261
\pgf@pathmaxx=\dimen262
\pgf@pathminy=\dimen263
\pgf@pathmaxy=\dimen264
\pgf@xx=\dimen265
\pgf@xy=\dimen266
\pgf@yx=\dimen267
\pgf@yy=\dimen268
\pgf@zx=\dimen269
\pgf@zy=\dimen270
)
(/usr/share/texlive/texmf-dist/tex/generic/pgf/basiclayer/pgfcorepathconstruct.
code.tex
File: pgfcorepathconstruct.code.tex 2020/01/08 v3.1.5b (3.1.5b)
\pgf@path@lastx=\dimen271
\pgf@path@lasty=\dimen272
)
(/usr/share/texlive/texmf-dist/tex/generic/pgf/basiclayer/pgfcorepathusage.code
.tex
File: pgfcorepathusage.code.tex 2020/01/08 v3.1.5b (3.1.5b)
\pgf@shorten@end@additional=\dimen273
\pgf@shorten@start@additional=\dimen274
)
(/usr/share/texlive/texmf-dist/tex/generic/pgf/basiclayer/pgfcorescopes.code.te
x
File: pgfcorescopes.code.tex 2020/01/08 v3.1.5b (3.1.5b)
\pgfpic=\box101
\pgf@hbox=\box102
\pgf@layerbox@main=\box103
\pgf@picture@serial@count=\count312
)
(/usr/share/texlive/texmf-dist/tex/generic/pgf/basiclayer/pgfcoregraphicstate.c
ode.tex
File: pgfcoregraphicstate.code.tex 2020/01/08 v3.1.5b (3.1.5b)
\pgflinewidth=\dimen275
)
(/usr/share/texlive/texmf-dist/tex/generic/pgf/basiclayer/pgfcoretransformation
s.code.tex
File: pgfcoretransformations.code.tex 2020/01/08 v3.1.5b (3.1.5b)
\pgf@pt@x=\dimen276
\pgf@pt@y=\dimen277
\pgf@pt@temp=\dimen278
)
(/usr/share/texlive/texmf-dist/tex/generic/pgf/basiclayer/pgfcorequick.code.tex
File: pgfcorequick.code.tex 2020/01/08 v3.1.5b (3.1.5b)
)
(/usr/share/texlive/texmf-dist/tex/generic/pgf/basiclayer/pgfcoreobjects.code.t
ex
File: pgfcoreobjects.code.tex 2020/01/08 v3.1.5b (3.1.5b)
)
(/usr/share/texlive/texmf-dist/tex/generic/pgf/basiclayer/pgfcorepathprocessing
.code.tex
File: pgfcorepathprocessing.code.tex 2020/01/08 v3.1.5b (3.1.5b)
)
(/usr/share/texlive/texmf-dist/tex/generic/pgf/basiclayer/pgfcorearrows.code.te
x
File: pgfcorearrows.code.tex 2020/01/08 v3.1.5b (3.1.5b)
\pgfarrowsep=\dimen279
)
(/usr/share/texlive/texmf-dist/tex/generic/pgf/basiclayer/pgfcoreshade.code.tex
File: pgfcoreshade.code.tex 2020/01/08 v3.1.5b (3.1.5b)
\pgf@max=\dimen280
\pgf@sys@shading@range@num=\count313
\pgf@shadingcount=\count314
)
(/usr/share/texlive/texmf-dist/tex/generic/pgf/basiclayer/pgfcoreimage.code.tex
File: pgfcoreimage.code.tex 2020/01/08 v3.1.5b (3.1.5b)

(/usr/share/texlive/texmf-dist/tex/generic/pgf/basiclayer/pgfcoreexternal.code.
tex
File: pgfcoreexternal.code.tex 2020/01/08 v3.1.5b (3.1.5b)
\pgfexternal@startupbox=\box104
))
(/usr/share/texlive/texmf-dist/tex/generic/pgf/basiclayer/pgfcorelayers.code.te
x
File: pgfcorelayers.code.tex 2020/01/08 v3.1.5b (3.1.5b)
)
(/usr/share/texlive/texmf-dist/tex/generic/pgf/basiclayer/pgfcoretransparency.c
ode.tex
File: pgfcoretransparency.code.tex 2020/01/08 v3.1.5b (3.1.5b)
)
(/usr/share/texlive/texmf-dist/tex/generic/pgf/basiclayer/pgfcorepatterns.code.
tex
File: pgfcorepatterns.code.tex 2020/01/08 v3.1.5b (3.1.5b)
)
(/usr/share/texlive/texmf-dist/tex/generic/pgf/basiclayer/pgfcorerdf.code.tex
File: pgfcorerdf.code.tex 2020/01/08 v3.1.5b (3.1.5b)
)))
(/usr/share/texlive/texmf-dist/tex/generic/pgf/modules/pgfmoduleshapes.code.tex
File: pgfmoduleshapes.code.tex 2020/01/08 v3.1.5b (3.1.5b)
\pgfnodeparttextbox=\box105
) (/usr/share/texlive/texmf-dist/tex/generic/pgf/modules/pgfmoduleplot.code.tex
File: pgfmoduleplot.code.tex 2020/01/08 v3.1.5b (3.1.5b)
)
(/usr/share/texlive/texmf-dist/tex/latex/pgf/compatibility/pgfcomp-version-0-65
.sty
Package: pgfcomp-version-0-65 2020/01/08 v3.1.5b (3.1.5b)
\pgf@nodesepstart=\dimen281
\pgf@nodesepend=\dimen282
)
(/usr/share/texlive/texmf-dist/tex/latex/pgf/compatibility/pgfcomp-version-1-18
.sty
Package: pgfcomp-version-1-18 2020/01/08 v3.1.5b (3.1.5b)
)) (/usr/share/texlive/texmf-dist/tex/latex/pgf/utilities/pgffor.sty
(/usr/share/texlive/texmf-dist/tex/latex/pgf/utilities/pgfkeys.sty
(/usr/share/texlive/texmf-dist/tex/generic/pgf/utilities/pgfkeys.code.tex))
(/usr/share/texlive/texmf-dist/tex/latex/pgf/math/pgfmath.sty
(/usr/share/texlive/texmf-dist/tex/generic/pgf/math/pgfmath.code.tex))
(/usr/share/texlive/texmf-dist/tex/generic/pgf/utilities/pgffor.code.tex
Package: pgffor 2020/01/08 v3.1.5b (3.1.5b)

(/usr/share/texlive/texmf-dist/tex/generic/pgf/math/pgfmath.code.tex)
\pgffor@iter=\dimen283
\pgffor@skip=\dimen284
\pgffor@stack=\toks47
\pgffor@toks=\toks48
))
(/usr/share/texlive/texmf-dist/tex/generic/pgf/frontendlayer/tikz/tikz.code.tex
Package: tikz 2020/01/08 v3.1.5b (3.1.5b)

(/usr/share/texlive/texmf-dist/tex/generic/pgf/libraries/pgflibraryplothandlers
.code.tex
File: pgflibraryplothandlers.code.tex 2020/01/08 v3.1.5b (3.1.5b)
\pgf@plot@mark@count=\count315
\pgfplotmarksize=\dimen285
)
\tikz@lastx=\dimen286
\tikz@lasty=\dimen287
\tikz@lastxsaved=\dimen288
\tikz@lastysaved=\dimen289
\tikz@lastmovetox=\dimen290
\tikz@lastmovetoy=\dimen291
\tikzleveldistance=\dimen292
\tikzsiblingdistance=\dimen293
\tikz@figbox=\box106
\tikz@figbox@bg=\box107
\tikz@tempbox=\box108
\tikz@tempbox@bg=\box109
\tikztreelevel=\count316
\tikznumberofchildren=\count317
\tikznumberofcurrentchild=\count318
\tikz@fig@count=\count319

(/usr/share/texlive/texmf-dist/tex/generic/pgf/modules/pgfmodulematrix.code.tex
File: pgfmodulematrix.code.tex 2020/01/08 v3.1.5b (3.1.5b)
\pgfmatrixcurrentrow=\count320
\pgfmatrixcurrentcolumn=\count321
\pgf@matrix@numberofcolumns=\count322
)
\tikz@expandcount=\count323

(/usr/share/texlive/texmf-dist/tex/generic/pgf/frontendlayer/tikz/libraries/tik
zlibrarytopaths.code.tex
File: tikzlibrarytopaths.code.tex 2020/01/08 v3.1.5b (3.1.5b)
)))
(/usr/share/texlive/texmf-dist/tex/generic/pgf/frontendlayer/tikz/libraries/tik
zlibrarypositioning.code.tex
File: tikzlibrarypositioning.code.tex 2020/01/08 v3.1.5b (3.1.5b)
)
(/usr/share/texlive/texmf-dist/tex/generic/pgf/frontendlayer/tikz/libraries/tik
zlibraryshadows.code.tex
File: tikzlibraryshadows.code.tex 2020/01/08 v3.1.5b (3.1.5b)

(/usr/share/texlive/texmf-dist/tex/generic/pgf/frontendlayer/tikz/libraries/tik
zlibraryfadings.code.tex
File: tikzlibraryfadings.code.tex 2020/01/08 v3.1.5b (3.1.5b)

(/usr/share/texlive/texmf-dist/tex/generic/pgf/libraries/pgflibraryfadings.code
.tex
File: pgflibraryfadings.code.tex 2020/01/08 v3.1.5b (3.1.5b)
)))
\c@@todonotes@numberoftodonotes=\count324
)
\c@todocounter=\count325

(/usr/share/texlive/texmf-dist/tex/latex/l3backend/l3backend-pdfmode.def
File: l3backend-pdfmode.def 2020-02-03 L3 backend support: PDF mode
\l__kernel_color_stack_int=\count326
\l__pdf_internal_box=\box110
)
(./main.aux)
\openout1 = `main.aux'.

LaTeX Font Info:    Checking defaults for OML/cmm/m/it on input line 83.
LaTeX Font Info:    ... okay on input line 83.
LaTeX Font Info:    Checking defaults for OMS/cmsy/m/n on input line 83.
LaTeX Font Info:    ... okay on input line 83.
LaTeX Font Info:    Checking defaults for OT1/cmr/m/n on input line 83.
LaTeX Font Info:    ... okay on input line 83.
LaTeX Font Info:    Checking defaults for T1/cmr/m/n on input line 83.
LaTeX Font Info:    ... okay on input line 83.
LaTeX Font Info:    Checking defaults for TS1/cmr/m/n on input line 83.
LaTeX Font Info:    ... okay on input line 83.
LaTeX Font Info:    Checking defaults for OMX/cmex/m/n on input line 83.
LaTeX Font Info:    ... okay on input line 83.
LaTeX Font Info:    Checking defaults for U/cmr/m/n on input line 83.
LaTeX Font Info:    ... okay on input line 83.
Package caption Info: Begin \AtBeginDocument code.
Package caption Info: float package is loaded.
Package caption Info: End \AtBeginDocument code.
 (/usr/share/texlive/texmf-dist/tex/context/base/mkii/supp-pdf.mkii
[Loading MPS to PDF converter (version 2006.09.02).]
\scratchcounter=\count327
\scratchdimen=\dimen294
\scratchbox=\box111
\nofMPsegments=\count328
\nofMParguments=\count329
\everyMPshowfont=\toks49
\MPscratchCnt=\count330
\MPscratchDim=\dimen295
\MPnumerator=\count331
\makeMPintoPDFobject=\count332
\everyMPtoPDFconversion=\toks50
) (/usr/share/texlive/texmf-dist/tex/latex/epstopdf-pkg/epstopdf-base.sty
Package: epstopdf-base 2020-01-24 v2.11 Base part for package epstopdf
Package epstopdf-base Info: Redefining graphics rule for `.eps' on input line 4
85.

(/usr/share/texlive/texmf-dist/tex/latex/latexconfig/epstopdf-sys.cfg
File: epstopdf-sys.cfg 2010/07/13 v1.3 Configuration of (r)epstopdf for TeX Liv
e
))
ABD: EveryShipout initializing macros
LaTeX Font Info:    Trying to load font information for U+msa on input line 114
.

(/usr/share/texlive/texmf-dist/tex/latex/amsfonts/umsa.fd
File: umsa.fd 2013/01/14 v3.01 AMS symbols A
)
LaTeX Font Info:    Trying to load font information for U+msb on input line 114
.

(/usr/share/texlive/texmf-dist/tex/latex/amsfonts/umsb.fd
File: umsb.fd 2013/01/14 v3.01 AMS symbols B
) (./files/intro.tex
[1

{/var/lib/texmf/fonts/map/pdftex/updmap/pdftex.map}]) (./files/appendix.tex
[2]
LaTeX Font Info:    Font shape `OT1/cmtt/bx/n' in size <10> not available
(Font)              Font shape `OT1/cmtt/m/n' tried instead on input line 25.
 [3]) (./files/characterization.tex
Package epstopdf Info: Source file: <image/inv_pktsizes.eps>
(epstopdf)                    date: 2019-06-30 17:54:12
(epstopdf)                    size: 1428806 bytes
(epstopdf)             Output file: <image/inv_pktsizes-eps-converted-to.pdf>
(epstopdf)                    date: 2019-06-30 17:54:12
(epstopdf)                    size: 23252 bytes
(epstopdf)             Command: <repstopdf --outfile=image/inv_pktsizes-eps-con
verted-to.pdf image/inv_pktsizes.eps>
(epstopdf)             \includegraphics on input line 52.
Package epstopdf Info: Output file is already uptodate.
<image/inv_pktsizes-eps-converted-to.pdf, id=49, 587.19376pt x 442.65375pt>
File: image/inv_pktsizes-eps-converted-to.pdf Graphic file (type pdf)
<use image/inv_pktsizes-eps-converted-to.pdf>
Package pdftex.def Info: image/inv_pktsizes-eps-converted-to.pdf  used on input
 line 52.
(pdftex.def)             Requested size: 83.31155pt x 62.80188pt.
Package epstopdf Info: Source file: <image/getdata_pktsizes.eps>
(epstopdf)                    date: 2019-06-30 17:54:12
(epstopdf)                    size: 1337672 bytes
(epstopdf)             Output file: <image/getdata_pktsizes-eps-converted-to.pd
f>
(epstopdf)                    date: 2019-06-30 17:54:12
(epstopdf)                    size: 16737 bytes
(epstopdf)             Command: <repstopdf --outfile=image/getdata_pktsizes-eps
-converted-to.pdf image/getdata_pktsizes.eps>
(epstopdf)             \includegraphics on input line 58.
Package epstopdf Info: Output file is already uptodate.
<image/getdata_pktsizes-eps-converted-to.pdf, id=50, 587.19376pt x 442.65375pt>

File: image/getdata_pktsizes-eps-converted-to.pdf Graphic file (type pdf)
<use image/getdata_pktsizes-eps-converted-to.pdf>
Package pdftex.def Info: image/getdata_pktsizes-eps-converted-to.pdf  used on i
nput line 58.
(pdftex.def)             Requested size: 83.31155pt x 62.80188pt.
Package epstopdf Info: Source file: <image/block_pktsizes.eps>
(epstopdf)                    date: 2019-06-30 17:54:12
(epstopdf)                    size: 1373917 bytes
(epstopdf)             Output file: <image/block_pktsizes-eps-converted-to.pdf>

(epstopdf)                    date: 2019-06-30 17:54:12
(epstopdf)                    size: 18795 bytes
(epstopdf)             Command: <repstopdf --outfile=image/block_pktsizes-eps-c
onverted-to.pdf image/block_pktsizes.eps>
(epstopdf)             \includegraphics on input line 64.
Package epstopdf Info: Output file is already uptodate.
<image/block_pktsizes-eps-converted-to.pdf, id=51, 587.19376pt x 442.65375pt>
File: image/block_pktsizes-eps-converted-to.pdf Graphic file (type pdf)
<use image/block_pktsizes-eps-converted-to.pdf>
Package pdftex.def Info: image/block_pktsizes-eps-converted-to.pdf  used on inp
ut line 64.
(pdftex.def)             Requested size: 83.31155pt x 62.80188pt.
Package epstopdf Info: Source file: <image/sendcmpct_pktsizes.eps>
(epstopdf)                    date: 2019-06-30 17:54:12
(epstopdf)                    size: 1426811 bytes
(epstopdf)             Output file: <image/sendcmpct_pktsizes-eps-converted-to.
pdf>
(epstopdf)                    date: 2019-06-30 17:54:12
(epstopdf)                    size: 21863 bytes
(epstopdf)             Command: <repstopdf --outfile=image/sendcmpct_pktsizes-e
ps-converted-to.pdf image/sendcmpct_pktsizes.eps>
(epstopdf)             \includegraphics on input line 70.
Package epstopdf Info: Output file is already uptodate.
<image/sendcmpct_pktsizes-eps-converted-to.pdf, id=52, 587.19376pt x 442.65375p
t>
File: image/sendcmpct_pktsizes-eps-converted-to.pdf Graphic file (type pdf)
<use image/sendcmpct_pktsizes-eps-converted-to.pdf>
Package pdftex.def Info: image/sendcmpct_pktsizes-eps-converted-to.pdf  used on
 input line 70.
(pdftex.def)             Requested size: 83.31155pt x 62.80188pt.
Package epstopdf Info: Source file: <image/cmpctblock_pktsizes.eps>
(epstopdf)                    date: 2019-06-30 17:54:12
(epstopdf)                    size: 1430674 bytes
(epstopdf)             Output file: <image/cmpctblock_pktsizes-eps-converted-to
.pdf>
(epstopdf)                    date: 2019-06-30 17:54:12
(epstopdf)                    size: 21927 bytes
(epstopdf)             Command: <repstopdf --outfile=image/cmpctblock_pktsizes-
eps-converted-to.pdf image/cmpctblock_pktsizes.eps>
(epstopdf)             \includegraphics on input line 76.
Package epstopdf Info: Output file is already uptodate.
<image/cmpctblock_pktsizes-eps-converted-to.pdf, id=53, 587.19376pt x 442.65375
pt>
File: image/cmpctblock_pktsizes-eps-converted-to.pdf Graphic file (type pdf)
<use image/cmpctblock_pktsizes-eps-converted-to.pdf>
Package pdftex.def Info: image/cmpctblock_pktsizes-eps-converted-to.pdf  used o
n input line 76.
(pdftex.def)             Requested size: 83.31155pt x 62.80188pt.
Package epstopdf Info: Source file: <image/getblocktxn_pktsizes.eps>
(epstopdf)                    date: 2019-06-30 17:54:12
(epstopdf)                    size: 1240452 bytes
(epstopdf)             Output file: <image/getblocktxn_pktsizes-eps-converted-t
o.pdf>
(epstopdf)                    date: 2019-06-30 17:54:12
(epstopdf)                    size: 10553 bytes
(epstopdf)             Command: <repstopdf --outfile=image/getblocktxn_pktsizes
-eps-converted-to.pdf image/getblocktxn_pktsizes.eps>
(epstopdf)             \includegraphics on input line 82.
Package epstopdf Info: Output file is already uptodate.
<image/getblocktxn_pktsizes-eps-converted-to.pdf, id=54, 587.19376pt x 442.6537
5pt>
File: image/getblocktxn_pktsizes-eps-converted-to.pdf Graphic file (type pdf)
<use image/getblocktxn_pktsizes-eps-converted-to.pdf>
Package pdftex.def Info: image/getblocktxn_pktsizes-eps-converted-to.pdf  used 
on input line 82.
(pdftex.def)             Requested size: 83.31155pt x 62.80188pt.
Package epstopdf Info: Source file: <image/blocktxn_pktsizes.eps>
(epstopdf)                    date: 2019-06-30 17:54:12
(epstopdf)                    size: 1345812 bytes
(epstopdf)             Output file: <image/blocktxn_pktsizes-eps-converted-to.p
df>
(epstopdf)                    date: 2019-06-30 17:54:12
(epstopdf)                    size: 16747 bytes
(epstopdf)             Command: <repstopdf --outfile=image/blocktxn_pktsizes-ep
s-converted-to.pdf image/blocktxn_pktsizes.eps>
(epstopdf)             \includegraphics on input line 88.
Package epstopdf Info: Output file is already uptodate.
<image/blocktxn_pktsizes-eps-converted-to.pdf, id=55, 587.19376pt x 442.65375pt
>
File: image/blocktxn_pktsizes-eps-converted-to.pdf Graphic file (type pdf)
<use image/blocktxn_pktsizes-eps-converted-to.pdf>
Package pdftex.def Info: image/blocktxn_pktsizes-eps-converted-to.pdf  used on 
input line 88.
(pdftex.def)             Requested size: 83.31155pt x 62.80188pt.
Package epstopdf Info: Source file: <image/tx_pktsizes.eps>
(epstopdf)                    date: 2019-06-30 17:54:12
(epstopdf)                    size: 1429428 bytes
(epstopdf)             Output file: <image/tx_pktsizes-eps-converted-to.pdf>
(epstopdf)                    date: 2019-06-30 17:54:12
(epstopdf)                    size: 24100 bytes
(epstopdf)             Command: <repstopdf --outfile=image/tx_pktsizes-eps-conv
erted-to.pdf image/tx_pktsizes.eps>
(epstopdf)             \includegraphics on input line 94.
Package epstopdf Info: Output file is already uptodate.
<image/tx_pktsizes-eps-converted-to.pdf, id=56, 587.19376pt x 442.65375pt>
File: image/tx_pktsizes-eps-converted-to.pdf Graphic file (type pdf)
<use image/tx_pktsizes-eps-converted-to.pdf>
Package pdftex.def Info: image/tx_pktsizes-eps-converted-to.pdf  used on input 
line 94.
(pdftex.def)             Requested size: 83.31155pt x 62.80188pt.


LaTeX Warning: `h' float specifier changed to `ht'.

Package epstopdf Info: Source file: <image/cmpctblock_pkt_size_upstream.eps>
(epstopdf)                    date: 2019-06-30 17:54:12
(epstopdf)                    size: 1429700 bytes
(epstopdf)             Output file: <image/cmpctblock_pkt_size_upstream-eps-con
verted-to.pdf>
(epstopdf)                    date: 2019-06-30 17:54:12
(epstopdf)                    size: 21631 bytes
(epstopdf)             Command: <repstopdf --outfile=image/cmpctblock_pkt_size_
upstream-eps-converted-to.pdf image/cmpctblock_pkt_size_upstream.eps>
(epstopdf)             \includegraphics on input line 125.
Package epstopdf Info: Output file is already uptodate.
<image/cmpctblock_pkt_size_upstream-eps-converted-to.pdf, id=57, 587.19376pt x 
442.65375pt>
File: image/cmpctblock_pkt_size_upstream-eps-converted-to.pdf Graphic file (typ
e pdf)
<use image/cmpctblock_pkt_size_upstream-eps-converted-to.pdf>
Package pdftex.def Info: image/cmpctblock_pkt_size_upstream-eps-converted-to.pd
f  used on input line 125.
(pdftex.def)             Requested size: 83.31155pt x 62.80188pt.
Package epstopdf Info: Source file: <image/cmpctblock_pkt_size_downstream.eps>
(epstopdf)                    date: 2019-06-30 17:54:12
(epstopdf)                    size: 1430485 bytes
(epstopdf)             Output file: <image/cmpctblock_pkt_size_downstream-eps-c
onverted-to.pdf>
(epstopdf)                    date: 2019-06-30 17:54:12
(epstopdf)                    size: 23611 bytes
(epstopdf)             Command: <repstopdf --outfile=image/cmpctblock_pkt_size_
downstream-eps-converted-to.pdf image/cmpctblock_pkt_size_downstream.eps>
(epstopdf)             \includegraphics on input line 131.
Package epstopdf Info: Output file is already uptodate.
<image/cmpctblock_pkt_size_downstream-eps-converted-to.pdf, id=58, 587.19376pt 
x 442.65375pt>
File: image/cmpctblock_pkt_size_downstream-eps-converted-to.pdf Graphic file (t
ype pdf)
<use image/cmpctblock_pkt_size_downstream-eps-converted-to.pdf>
Package pdftex.def Info: image/cmpctblock_pkt_size_downstream-eps-converted-to.
pdf  used on input line 131.
(pdftex.def)             Requested size: 83.31155pt x 62.80188pt.
Package epstopdf Info: Source file: <image/fullblock_pkt_size_upstream.eps>
(epstopdf)                    date: 2019-06-30 17:54:12
(epstopdf)                    size: 1432131 bytes
(epstopdf)             Output file: <image/fullblock_pkt_size_upstream-eps-conv
erted-to.pdf>
(epstopdf)                    date: 2019-06-30 17:54:12
(epstopdf)                    size: 21706 bytes
(epstopdf)             Command: <repstopdf --outfile=image/fullblock_pkt_size_u
pstream-eps-converted-to.pdf image/fullblock_pkt_size_upstream.eps>
(epstopdf)             \includegraphics on input line 137.
Package epstopdf Info: Output file is already uptodate.
<image/fullblock_pkt_size_upstream-eps-converted-to.pdf, id=59, 587.19376pt x 4
42.65375pt>
File: image/fullblock_pkt_size_upstream-eps-converted-to.pdf Graphic file (type
 pdf)
<use image/fullblock_pkt_size_upstream-eps-converted-to.pdf>
Package pdftex.def Info: image/fullblock_pkt_size_upstream-eps-converted-to.pdf
  used on input line 137.
(pdftex.def)             Requested size: 83.31155pt x 62.80188pt.
Package epstopdf Info: Source file: <image/fullblock_pkt_size_downstream.eps>
(epstopdf)                    date: 2019-06-30 17:54:12
(epstopdf)                    size: 1431045 bytes
(epstopdf)             Output file: <image/fullblock_pkt_size_downstream-eps-co
nverted-to.pdf>
(epstopdf)                    date: 2019-06-30 17:54:12
(epstopdf)                    size: 23197 bytes
(epstopdf)             Command: <repstopdf --outfile=image/fullblock_pkt_size_d
ownstream-eps-converted-to.pdf image/fullblock_pkt_size_downstream.eps>
(epstopdf)             \includegraphics on input line 143.
Package epstopdf Info: Output file is already uptodate.
<image/fullblock_pkt_size_downstream-eps-converted-to.pdf, id=60, 587.19376pt x
 442.65375pt>
File: image/fullblock_pkt_size_downstream-eps-converted-to.pdf Graphic file (ty
pe pdf)
<use image/fullblock_pkt_size_downstream-eps-converted-to.pdf>
Package pdftex.def Info: image/fullblock_pkt_size_downstream-eps-converted-to.p
df  used on input line 143.
(pdftex.def)             Requested size: 83.31155pt x 62.80188pt.
Package epstopdf Info: Source file: <image/http_pkt_size_upstream.eps>
(epstopdf)                    date: 2019-06-30 17:54:12
(epstopdf)                    size: 1425422 bytes
(epstopdf)             Output file: <image/http_pkt_size_upstream-eps-converted
-to.pdf>
(epstopdf)                    date: 2019-06-30 17:54:12
(epstopdf)                    size: 22455 bytes
(epstopdf)             Command: <repstopdf --outfile=image/http_pkt_size_upstre
am-eps-converted-to.pdf image/http_pkt_size_upstream.eps>
(epstopdf)             \includegraphics on input line 149.
Package epstopdf Info: Output file is already uptodate.
<image/http_pkt_size_upstream-eps-converted-to.pdf, id=61, 587.19376pt x 442.65
375pt>
File: image/http_pkt_size_upstream-eps-converted-to.pdf Graphic file (type pdf)

<use image/http_pkt_size_upstream-eps-converted-to.pdf>
Package pdftex.def Info: image/http_pkt_size_upstream-eps-converted-to.pdf  use
d on input line 149.
(pdftex.def)             Requested size: 83.31155pt x 62.80188pt.
Package epstopdf Info: Source file: <image/http_pkt_size_downstream.eps>
(epstopdf)                    date: 2019-06-30 17:54:12
(epstopdf)                    size: 1430025 bytes
(epstopdf)             Output file: <image/http_pkt_size_downstream-eps-convert
ed-to.pdf>
(epstopdf)                    date: 2019-06-30 17:54:12
(epstopdf)                    size: 22910 bytes
(epstopdf)             Command: <repstopdf --outfile=image/http_pkt_size_downst
ream-eps-converted-to.pdf image/http_pkt_size_downstream.eps>
(epstopdf)             \includegraphics on input line 155.
Package epstopdf Info: Output file is already uptodate.
<image/http_pkt_size_downstream-eps-converted-to.pdf, id=62, 587.19376pt x 442.
65375pt>
File: image/http_pkt_size_downstream-eps-converted-to.pdf Graphic file (type pd
f)
<use image/http_pkt_size_downstream-eps-converted-to.pdf>
Package pdftex.def Info: image/http_pkt_size_downstream-eps-converted-to.pdf  u
sed on input line 155.
(pdftex.def)             Requested size: 83.31155pt x 62.80188pt.
Package epstopdf Info: Source file: <image/ssh_pkt_size_upstream.eps>
(epstopdf)                    date: 2019-06-30 17:54:12
(epstopdf)                    size: 1331604 bytes
(epstopdf)             Output file: <image/ssh_pkt_size_upstream-eps-converted-
to.pdf>
(epstopdf)                    date: 2019-06-30 17:54:12
(epstopdf)                    size: 16644 bytes
(epstopdf)             Command: <repstopdf --outfile=image/ssh_pkt_size_upstrea
m-eps-converted-to.pdf image/ssh_pkt_size_upstream.eps>
(epstopdf)             \includegraphics on input line 173.
Package epstopdf Info: Output file is already uptodate.
<image/ssh_pkt_size_upstream-eps-converted-to.pdf, id=63, 587.19376pt x 442.653
75pt>
File: image/ssh_pkt_size_upstream-eps-converted-to.pdf Graphic file (type pdf)
<use image/ssh_pkt_size_upstream-eps-converted-to.pdf>
Package pdftex.def Info: image/ssh_pkt_size_upstream-eps-converted-to.pdf  used
 on input line 173.
(pdftex.def)             Requested size: 83.31155pt x 62.80188pt.
Package epstopdf Info: Source file: <image/ssh_pkt_size_downstream.eps>
(epstopdf)                    date: 2019-06-30 17:54:12
(epstopdf)                    size: 1338476 bytes
(epstopdf)             Output file: <image/ssh_pkt_size_downstream-eps-converte
d-to.pdf>
(epstopdf)                    date: 2019-06-30 17:54:12
(epstopdf)                    size: 17271 bytes
(epstopdf)             Command: <repstopdf --outfile=image/ssh_pkt_size_downstr
eam-eps-converted-to.pdf image/ssh_pkt_size_downstream.eps>
(epstopdf)             \includegraphics on input line 179.
Package epstopdf Info: Output file is already uptodate.
<image/ssh_pkt_size_downstream-eps-converted-to.pdf, id=64, 587.19376pt x 442.6
5375pt>
File: image/ssh_pkt_size_downstream-eps-converted-to.pdf Graphic file (type pdf
)
<use image/ssh_pkt_size_downstream-eps-converted-to.pdf>
Package pdftex.def Info: image/ssh_pkt_size_downstream-eps-converted-to.pdf  us
ed on input line 179.
(pdftex.def)             Requested size: 83.31155pt x 62.80188pt.
Package epstopdf Info: Source file: <image/voip_pkt_size_upstream.eps>
(epstopdf)                    date: 2019-06-30 17:54:12
(epstopdf)                    size: 1400538 bytes
(epstopdf)             Output file: <image/voip_pkt_size_upstream-eps-converted
-to.pdf>
(epstopdf)                    date: 2019-06-30 17:54:12
(epstopdf)                    size: 23451 bytes
(epstopdf)             Command: <repstopdf --outfile=image/voip_pkt_size_upstre
am-eps-converted-to.pdf image/voip_pkt_size_upstream.eps>
(epstopdf)             \includegraphics on input line 185.
Package epstopdf Info: Output file is already uptodate.
<image/voip_pkt_size_upstream-eps-converted-to.pdf, id=65, 587.19376pt x 442.65
375pt>
File: image/voip_pkt_size_upstream-eps-converted-to.pdf Graphic file (type pdf)

<use image/voip_pkt_size_upstream-eps-converted-to.pdf>
Package pdftex.def Info: image/voip_pkt_size_upstream-eps-converted-to.pdf  use
d on input line 185.
(pdftex.def)             Requested size: 83.31155pt x 62.80188pt.
Package epstopdf Info: Source file: <image/voip_pkt_size_downstream.eps>
(epstopdf)                    date: 2019-06-30 17:54:12
(epstopdf)                    size: 1407303 bytes
(epstopdf)             Output file: <image/voip_pkt_size_downstream-eps-convert
ed-to.pdf>
(epstopdf)                    date: 2019-06-30 17:54:12
(epstopdf)                    size: 22871 bytes
(epstopdf)             Command: <repstopdf --outfile=image/voip_pkt_size_downst
ream-eps-converted-to.pdf image/voip_pkt_size_downstream.eps>
(epstopdf)             \includegraphics on input line 191.
Package epstopdf Info: Output file is already uptodate.
<image/voip_pkt_size_downstream-eps-converted-to.pdf, id=66, 587.19376pt x 442.
65375pt>
File: image/voip_pkt_size_downstream-eps-converted-to.pdf Graphic file (type pd
f)
<use image/voip_pkt_size_downstream-eps-converted-to.pdf>
Package pdftex.def Info: image/voip_pkt_size_downstream-eps-converted-to.pdf  u
sed on input line 191.
(pdftex.def)             Requested size: 83.31155pt x 62.80188pt.
Package epstopdf Info: Source file: <image/bittorrent_pkt_size_upstream.eps>
(epstopdf)                    date: 2019-06-30 17:54:12
(epstopdf)                    size: 1413127 bytes
(epstopdf)             Output file: <image/bittorrent_pkt_size_upstream-eps-con
verted-to.pdf>
(epstopdf)                    date: 2019-06-30 17:54:12
(epstopdf)                    size: 20893 bytes
(epstopdf)             Command: <repstopdf --outfile=image/bittorrent_pkt_size_
upstream-eps-converted-to.pdf image/bittorrent_pkt_size_upstream.eps>
(epstopdf)             \includegraphics on input line 197.
Package epstopdf Info: Output file is already uptodate.
<image/bittorrent_pkt_size_upstream-eps-converted-to.pdf, id=67, 587.19376pt x 
442.65375pt>
File: image/bittorrent_pkt_size_upstream-eps-converted-to.pdf Graphic file (typ
e pdf)
<use image/bittorrent_pkt_size_upstream-eps-converted-to.pdf>
Package pdftex.def Info: image/bittorrent_pkt_size_upstream-eps-converted-to.pd
f  used on input line 197.
(pdftex.def)             Requested size: 83.31155pt x 62.80188pt.
Package epstopdf Info: Source file: <image/bittorrent_pkt_size_downstream.eps>
(epstopdf)                    date: 2019-06-30 17:54:12
(epstopdf)                    size: 1428258 bytes
(epstopdf)             Output file: <image/bittorrent_pkt_size_downstream-eps-c
onverted-to.pdf>
(epstopdf)                    date: 2019-06-30 17:54:12
(epstopdf)                    size: 22052 bytes
(epstopdf)             Command: <repstopdf --outfile=image/bittorrent_pkt_size_
downstream-eps-converted-to.pdf image/bittorrent_pkt_size_downstream.eps>
(epstopdf)             \includegraphics on input line 203.
Package epstopdf Info: Output file is already uptodate.
<image/bittorrent_pkt_size_downstream-eps-converted-to.pdf, id=68, 587.19376pt 
x 442.65375pt>
File: image/bittorrent_pkt_size_downstream-eps-converted-to.pdf Graphic file (t
ype pdf)
<use image/bittorrent_pkt_size_downstream-eps-converted-to.pdf>
Package pdftex.def Info: image/bittorrent_pkt_size_downstream-eps-converted-to.
pdf  used on input line 203.
(pdftex.def)             Requested size: 83.31155pt x 62.80188pt.

LaTeX Warning: `h' float specifier changed to `ht'.

[4]
<image/bitcoin_traffic_pattern.pdf, id=72, 587.19376pt x 442.65375pt>
File: image/bitcoin_traffic_pattern.pdf Graphic file (type pdf)
<use image/bitcoin_traffic_pattern.pdf>
Package pdftex.def Info: image/bitcoin_traffic_pattern.pdf  used on input line 
341.
(pdftex.def)             Requested size: 166.61781pt x 125.60376pt.
Package epstopdf Info: Source file: <image/cmpctblock_traffic_volume_good.eps>
(epstopdf)                    date: 2019-06-30 17:54:12
(epstopdf)                    size: 1395964 bytes
(epstopdf)             Output file: <image/cmpctblock_traffic_volume_good-eps-c
onverted-to.pdf>
(epstopdf)                    date: 2019-06-30 17:54:12
(epstopdf)                    size: 58355 bytes
(epstopdf)             Command: <repstopdf --outfile=image/cmpctblock_traffic_v
olume_good-eps-converted-to.pdf image/cmpctblock_traffic_volume_good.eps>
(epstopdf)             \includegraphics on input line 347.
Package epstopdf Info: Output file is already uptodate.
<image/cmpctblock_traffic_volume_good-eps-converted-to.pdf, id=73, 587.19376pt 
x 442.65375pt>
File: image/cmpctblock_traffic_volume_good-eps-converted-to.pdf Graphic file (t
ype pdf)
<use image/cmpctblock_traffic_volume_good-eps-converted-to.pdf>
Package pdftex.def Info: image/cmpctblock_traffic_volume_good-eps-converted-to.
pdf  used on input line 347.
(pdftex.def)             Requested size: 166.61781pt x 125.60376pt.
) (./files/classifiers.tex [5 <./image/inv_pktsizes-eps-converted-to.pdf> <./im
age/getdata_pktsizes-eps-converted-to.pdf> <./image/block_pktsizes-eps-converte
d-to.pdf> <./image/sendcmpct_pktsizes-eps-converted-to.pdf> <./image/cmpctblock
_pktsizes-eps-converted-to.pdf> <./image/getblocktxn_pktsizes-eps-converted-to.
pdf> <./image/blocktxn_pktsizes-eps-converted-to.pdf> <./image/tx_pktsizes-eps-
converted-to.pdf>] [6 <./image/cmpctblock_pkt_size_upstream-eps-converted-to.pd
f> <./image/cmpctblock_pkt_size_downstream-eps-converted-to.pdf> <./image/fullb
lock_pkt_size_upstream-eps-converted-to.pdf> <./image/fullblock_pkt_size_downst
ream-eps-converted-to.pdf> <./image/http_pkt_size_upstream-eps-converted-to.pdf
> <./image/http_pkt_size_downstream-eps-converted-to.pdf> <./image/ssh_pkt_size
_upstream-eps-converted-to.pdf> <./image/ssh_pkt_size_downstream-eps-converted-
to.pdf> <./image/voip_pkt_size_upstream-eps-converted-to.pdf> <./image/voip_pkt
_size_downstream-eps-converted-to.pdf> <./image/bittorrent_pkt_size_upstream-ep
s-converted-to.pdf> <./image/bittorrent_pkt_size_downstream-eps-converted-to.pd
f> <./image/bitcoin_traffic_pattern.pdf> <./image/cmpctblock_traffic_volume_goo
d-eps-converted-to.pdf>] [7] [8]) (./files/setup.tex [9]
<image/jan25/cmp_sizeHist.pdf, id=233, 1734.48pt x 897.05139pt>
File: image/jan25/cmp_sizeHist.pdf Graphic file (type pdf)
<use image/jan25/cmp_sizeHist.pdf>
Package pdftex.def Info: image/jan25/cmp_sizeHist.pdf  used on input line 105.
(pdftex.def)             Requested size: 166.61781pt x 86.16522pt.
<image/jan25/full_sizeHist.pdf, id=234, 1734.48pt x 897.05139pt>
File: image/jan25/full_sizeHist.pdf Graphic file (type pdf)
<use image/jan25/full_sizeHist.pdf>
Package pdftex.def Info: image/jan25/full_sizeHist.pdf  used on input line 111.

(pdftex.def)             Requested size: 166.61781pt x 86.16522pt.
 [10 <./image/jan25/cmp_sizeHist.pdf> <./image/jan25/full_sizeHist.pdf

pdfTeX warning: /usr/bin/pdflatex (file ./image/jan25/full_sizeHist.pdf): PDF i
nclusion: multiple pdfs with page group included in a single page
>]) (./files/exp.tex [11]
<image/jan25/window.pdf, id=330, 1734.48pt x 897.05139pt>
File: image/jan25/window.pdf Graphic file (type pdf)
<use image/jan25/window.pdf>
Package pdftex.def Info: image/jan25/window.pdf  used on input line 65.
(pdftex.def)             Requested size: 260.16077pt x 134.5519pt.
 [12 <./image/jan25/window.pdf>]) (./files/counter.tex [13]
<image/ratio_609_upstream_compact_vanilla_tor.png, id=388, 586.8324pt x 442.292
4pt>
File: image/ratio_609_upstream_compact_vanilla_tor.png Graphic file (type png)
<use image/ratio_609_upstream_compact_vanilla_tor.png>
Package pdftex.def Info: image/ratio_609_upstream_compact_vanilla_tor.png  used
 on input line 23.
(pdftex.def)             Requested size: 166.61781pt x 125.57547pt.
Package epstopdf Info: Source file: <image/ratio_609_downstream_compact_vanilla
_tor.eps>
(epstopdf)                    date: 2019-06-30 17:54:12
(epstopdf)                    size: 59701 bytes
(epstopdf)             Output file: <image/ratio_609_downstream_compact_vanilla
_tor-eps-converted-to.pdf>
(epstopdf)                    date: 2019-06-30 17:54:12
(epstopdf)                    size: 17357 bytes
(epstopdf)             Command: <repstopdf --outfile=image/ratio_609_downstream
_compact_vanilla_tor-eps-converted-to.pdf image/ratio_609_downstream_compact_va
nilla_tor.eps>
(epstopdf)             \includegraphics on input line 29.
Package epstopdf Info: Output file is already uptodate.
<image/ratio_609_downstream_compact_vanilla_tor-eps-converted-to.pdf, id=390, 5
87.19376pt x 442.65375pt>
File: image/ratio_609_downstream_compact_vanilla_tor-eps-converted-to.pdf Graph
ic file (type pdf)
<use image/ratio_609_downstream_compact_vanilla_tor-eps-converted-to.pdf>
Package pdftex.def Info: image/ratio_609_downstream_compact_vanilla_tor-eps-con
verted-to.pdf  used on input line 29.
(pdftex.def)             Requested size: 166.61781pt x 125.60376pt.
 [14 <./image/ratio_609_upstream_compact_vanilla_tor.png> <./image/ratio_609_do
wnstream_compact_vanilla_tor-eps-converted-to.pdf>]
<image/jan25/sizeTor-multiTab.pdf, id=425, 1734.48pt x 897.05139pt>
File: image/jan25/sizeTor-multiTab.pdf Graphic file (type pdf)
<use image/jan25/sizeTor-multiTab.pdf>
Package pdftex.def Info: image/jan25/sizeTor-multiTab.pdf  used on input line 8
3.
(pdftex.def)             Requested size: 260.16077pt x 134.5519pt.
) (./files/related.tex
[15] [16 <./image/jan25/sizeTor-multiTab.pdf>]) (./files/concl.tex) (./main.bbl
[17] [18] [19]
Underfull \hbox (badness 6691) in paragraph at lines 275--277
[]\OT1/cmr/m/n/9 A Sim-ple Ob-fus-cat-ing Proxy.  $\OT1/cmtt/m/n/9 https : / / 
www . torproject . org / projects /
 []


Underfull \hbox (badness 10000) in paragraph at lines 279--281
[]\OT1/cmr/m/n/9 Tor: Plug-gable Trans-ports.  $\OT1/cmtt/m/n/9 https : / / www
 . torproject . org / docs /
 []

[20]) [21] (./main.aux) ) 
Here is how much of TeX's memory you used:
 16783 strings out of 481239
 324392 string characters out of 5920378
 543163 words of memory out of 5000000
 31659 multiletter control sequences out of 15000+600000
 541016 words of font info for 57 fonts, out of 8000000 for 9000
 1141 hyphenation exceptions out of 8191
 68i,9n,83p,1110b,623s stack positions out of 5000i,500n,10000p,200000b,80000s
{/usr/share/texmf/fonts/enc/dvips/cm-super/cm-super-ts
1.enc}</usr/share/texlive/texmf-dist/fonts/type1/public/amsfonts/cm/cmbx10.pfb>
</usr/share/texlive/texmf-dist/fonts/type1/public/amsfonts/cm/cmbx12.pfb></usr/
share/texlive/texmf-dist/fonts/type1/public/amsfonts/cm/cmbx9.pfb></usr/share/t
exlive/texmf-dist/fonts/type1/public/amsfonts/cm/cmmi10.pfb></usr/share/texlive
/texmf-dist/fonts/type1/public/amsfonts/cm/cmmi5.pfb></usr/share/texlive/texmf-
dist/fonts/type1/public/amsfonts/cm/cmmi7.pfb></usr/share/texlive/texmf-dist/fo
nts/type1/public/amsfonts/cm/cmmi9.pfb></usr/share/texlive/texmf-dist/fonts/typ
e1/public/amsfonts/cm/cmr10.pfb></usr/share/texlive/texmf-dist/fonts/type1/publ
ic/amsfonts/cm/cmr6.pfb></usr/share/texlive/texmf-dist/fonts/type1/public/amsfo
nts/cm/cmr7.pfb></usr/share/texlive/texmf-dist/fonts/type1/public/amsfonts/cm/c
mr9.pfb></usr/share/texlive/texmf-dist/fonts/type1/public/amsfonts/cm/cmsy10.pf
b></usr/share/texlive/texmf-dist/fonts/type1/public/amsfonts/cm/cmsy9.pfb></usr
/share/texlive/texmf-dist/fonts/type1/public/amsfonts/cm/cmti10.pfb></usr/share
/texlive/texmf-dist/fonts/type1/public/amsfonts/cm/cmti9.pfb></usr/share/texliv
e/texmf-dist/fonts/type1/public/amsfonts/cm/cmtt10.pfb></usr/share/texlive/texm
f-dist/fonts/type1/public/amsfonts/cm/cmtt9.pfb></usr/share/texmf/fonts/type1/p
ublic/cm-super/sfrm1000.pfb>
Output written on main.pdf (21 pages, 1221149 bytes).
PDF statistics:
 554 PDF objects out of 1000 (max. 8388607)
 234 compressed objects within 3 object streams
 0 named destinations out of 1000 (max. 500000)
 249 words of extra memory for PDF output out of 10000 (max. 10000000)

